[    0.000000] Linux version 4.15.0-130-generic (buildd@lcy01-amd64-018) (gcc version 7.5.0 (Ubuntu 7.5.0-3ubuntu1~18.04)) #134-Ubuntu SMP Tue Jan 5 20:46:26 UTC 2021 (Ubuntu 4.15.0-130.134-generic 4.15.18)
[    0.000000] Command line: BOOT_IMAGE=/boot/vmlinuz-4.15.0-130-generic root=LABEL=cloudimg-rootfs ro console=tty1 console=ttyS0
[    0.000000] KERNEL supported cpus:
[    0.000000]   Intel GenuineIntel
[    0.000000]   AMD AuthenticAMD
[    0.000000]   Centaur CentaurHauls
[    0.000000] x86/fpu: x87 FPU will use FXSAVE
[    0.000000] e820: BIOS-provided physical RAM map:
[    0.000000] BIOS-e820: [mem 0x0000000000000000-0x000000000009fbff] usable
[    0.000000] BIOS-e820: [mem 0x000000000009fc00-0x000000000009ffff] reserved
[    0.000000] BIOS-e820: [mem 0x00000000000f0000-0x00000000000fffff] reserved
[    0.000000] BIOS-e820: [mem 0x0000000000100000-0x000000003ffeffff] usable
[    0.000000] BIOS-e820: [mem 0x000000003fff0000-0x000000003fffffff] ACPI data
[    0.000000] BIOS-e820: [mem 0x00000000fec00000-0x00000000fec00fff] reserved
[    0.000000] BIOS-e820: [mem 0x00000000fee00000-0x00000000fee00fff] reserved
[    0.000000] BIOS-e820: [mem 0x00000000fffc0000-0x00000000ffffffff] reserved
[    0.000000] NX (Execute Disable) protection: active
[    0.000000] SMBIOS 2.5 present.
[    0.000000] DMI: innotek GmbH VirtualBox/VirtualBox, BIOS VirtualBox 12/01/2006
[    0.000000] Hypervisor detected: KVM
[    0.000000] e820: last_pfn = 0x3fff0 max_arch_pfn = 0x400000000
[    0.000000] MTRR: Disabled
[    0.000000] x86/PAT: MTRRs disabled, skipping PAT initialization too.
[    0.000000] CPU MTRRs all blank - virtualized system.
[    0.000000] x86/PAT: Configuration [0-7]: WB  WT  UC- UC  WB  WT  UC- UC  
[    0.000000] found SMP MP-table at [mem 0x0009fff0-0x0009ffff]
[    0.000000] Scanning 1 areas for low memory corruption
[    0.000000] RAMDISK: [mem 0x35a65000-0x36d29fff]
[    0.000000] ACPI: Early table checksum verification disabled
[    0.000000] ACPI: RSDP 0x00000000000E0000 000024 (v02 VBOX  )
[    0.000000] ACPI: XSDT 0x000000003FFF0030 00003C (v01 VBOX   VBOXXSDT 00000001 ASL  00000061)
[    0.000000] ACPI: FACP 0x000000003FFF00F0 0000F4 (v04 VBOX   VBOXFACP 00000001 ASL  00000061)
[    0.000000] ACPI: DSDT 0x000000003FFF0470 002325 (v02 VBOX   VBOXBIOS 00000002 INTL 20100528)
[    0.000000] ACPI: FACS 0x000000003FFF0200 000040
[    0.000000] ACPI: FACS 0x000000003FFF0200 000040
[    0.000000] ACPI: APIC 0x000000003FFF0240 00005C (v02 VBOX   VBOXAPIC 00000001 ASL  00000061)
[    0.000000] ACPI: SSDT 0x000000003FFF02A0 0001CC (v01 VBOX   VBOXCPUT 00000002 INTL 20100528)
[    0.000000] No NUMA configuration found
[    0.000000] Faking a node at [mem 0x0000000000000000-0x000000003ffeffff]
[    0.000000] NODE_DATA(0) allocated [mem 0x3ffc5000-0x3ffeffff]
[    0.000000] kvm-clock: cpu 0, msr 0:3ff44001, primary cpu clock
[    0.000000] kvm-clock: Using msrs 4b564d01 and 4b564d00
[    0.000000] kvm-clock: using sched offset of 6129528369 cycles
[    0.000000] clocksource: kvm-clock: mask: 0xffffffffffffffff max_cycles: 0x1cd42e4dffb, max_idle_ns: 881590591483 ns
[    0.000000] Zone ranges:
[    0.000000]   DMA      [mem 0x0000000000001000-0x0000000000ffffff]
[    0.000000]   DMA32    [mem 0x0000000001000000-0x000000003ffeffff]
[    0.000000]   Normal   empty
[    0.000000]   Device   empty
[    0.000000] Movable zone start for each node
[    0.000000] Early memory node ranges
[    0.000000]   node   0: [mem 0x0000000000001000-0x000000000009efff]
[    0.000000]   node   0: [mem 0x0000000000100000-0x000000003ffeffff]
[    0.000000] Reserved but unavailable: 98 pages
[    0.000000] Initmem setup node 0 [mem 0x0000000000001000-0x000000003ffeffff]
[    0.000000] ACPI: PM-Timer IO Port: 0x4008
[    0.000000] IOAPIC[0]: apic_id 2, version 32, address 0xfec00000, GSI 0-23
[    0.000000] ACPI: INT_SRC_OVR (bus 0 bus_irq 0 global_irq 2 dfl dfl)
[    0.000000] ACPI: INT_SRC_OVR (bus 0 bus_irq 9 global_irq 9 low level)
[    0.000000] Using ACPI (MADT) for SMP configuration information
[    0.000000] smpboot: Allowing 2 CPUs, 0 hotplug CPUs
[    0.000000] PM: Registered nosave memory: [mem 0x00000000-0x00000fff]
[    0.000000] PM: Registered nosave memory: [mem 0x0009f000-0x0009ffff]
[    0.000000] PM: Registered nosave memory: [mem 0x000a0000-0x000effff]
[    0.000000] PM: Registered nosave memory: [mem 0x000f0000-0x000fffff]
[    0.000000] e820: [mem 0x40000000-0xfebfffff] available for PCI devices
[    0.000000] Booting paravirtualized kernel on KVM
[    0.000000] clocksource: refined-jiffies: mask: 0xffffffff max_cycles: 0xffffffff, max_idle_ns: 7645519600211568 ns
[    0.000000] random: get_random_bytes called from start_kernel+0x99/0x500 with crng_init=0
[    0.000000] setup_percpu: NR_CPUS:8192 nr_cpumask_bits:2 nr_cpu_ids:2 nr_node_ids:1
[    0.000000] percpu: Embedded 45 pages/cpu s147456 r8192 d28672 u1048576
[    0.000000] PV qspinlock hash table entries: 256 (order: 0, 4096 bytes)
[    0.000000] Built 1 zonelists, mobility grouping on.  Total pages: 257913
[    0.000000] Policy zone: DMA32
[    0.000000] Kernel command line: BOOT_IMAGE=/boot/vmlinuz-4.15.0-130-generic root=LABEL=cloudimg-rootfs ro console=tty1 console=ttyS0
[    0.000000] Memory: 983024K/1048120K available (12300K kernel code, 2482K rwdata, 4276K rodata, 2440K init, 2724K bss, 65096K reserved, 0K cma-reserved)
[    0.000000] SLUB: HWalign=64, Order=0-3, MinObjects=0, CPUs=2, Nodes=1
[    0.000000] Kernel/User page tables isolation: enabled
[    0.000000] ftrace: allocating 39421 entries in 154 pages
[    0.004000] Hierarchical RCU implementation.
[    0.004000] 	RCU restricting CPUs from NR_CPUS=8192 to nr_cpu_ids=2.
[    0.004000] 	Tasks RCU enabled.
[    0.004000] RCU: Adjusting geometry for rcu_fanout_leaf=16, nr_cpu_ids=2
[    0.004000] NR_IRQS: 524544, nr_irqs: 440, preallocated irqs: 16
[    0.004000] Console: colour VGA+ 80x25
[    0.004000] console [tty1] enabled
[    0.004000] console [ttyS0] enabled
[    0.004000] ACPI: Core revision 20170831
[    0.004000] ACPI: 2 ACPI AML tables successfully acquired and loaded
[    0.004000] APIC: Switch to symmetric I/O mode setup
[    0.004000] ..TIMER: vector=0x30 apic1=0 pin1=2 apic2=-1 pin2=-1
[    0.004000] tsc: Detected 2494.228 MHz processor
[    0.004018] Calibrating delay loop (skipped) preset value.. 4988.45 BogoMIPS (lpj=9976912)
[    0.008005] pid_max: default: 32768 minimum: 301
[    0.012110] Security Framework initialized
[    0.016004] Yama: becoming mindful.
[    0.020137] AppArmor: AppArmor initialized
[    0.037847] Dentry cache hash table entries: 131072 (order: 8, 1048576 bytes)
[    0.048649] Inode-cache hash table entries: 65536 (order: 7, 524288 bytes)
[    0.052125] Mount-cache hash table entries: 2048 (order: 2, 16384 bytes)
[    0.056133] Mountpoint-cache hash table entries: 2048 (order: 2, 16384 bytes)
[    0.061714] Last level iTLB entries: 4KB 1024, 2MB 1024, 4MB 1024
[    0.064007] Last level dTLB entries: 4KB 1024, 2MB 1024, 4MB 1024, 1GB 4
[    0.068009] Spectre V1 : Mitigation: usercopy/swapgs barriers and __user pointer sanitization
[    0.072008] Spectre V2 : Mitigation: Full generic retpoline
[    0.076004] Spectre V2 : Spectre v2 / SpectreRSB mitigation: Filling RSB on context switch
[    0.080004] Speculative Store Bypass: Vulnerable
[    0.084065] MDS: Mitigation: Clear CPU buffers
[    0.088273] Freeing SMP alternatives memory: 36K
[    0.207274] smpboot: CPU0: Intel(R) Core(TM) i7-4710HQ CPU @ 2.50GHz (family: 0x6, model: 0x3c, stepping: 0x3)
[    0.212133] Performance Events: unsupported p6 CPU model 60 no PMU driver, software events only.
[    0.216152] Hierarchical SRCU implementation.
[    0.221337] NMI watchdog: Perf event create on CPU 0 failed with -2
[    0.224003] NMI watchdog: Perf NMI watchdog permanently disabled
[    0.228536] smp: Bringing up secondary CPUs ...
[    0.233780] x86: Booting SMP configuration:
[    0.236007] .... node  #0, CPUs:      #1
[    0.004000] kvm-clock: cpu 1, msr 0:3ff44041, secondary cpu clock
[    0.248000] TSC synchronization [CPU#0 -> CPU#1]:
[    0.248000] Measured 113672 cycles TSC warp between CPUs, turning off TSC clock.
[    0.248000] tsc: Marking TSC unstable due to check_tsc_sync_source failed
[    0.252377] smp: Brought up 1 node, 2 CPUs
[    0.256009] smpboot: Max logical packages: 1
[    0.260006] smpboot: Total of 2 processors activated (9976.91 BogoMIPS)
[    0.268012] devtmpfs: initialized
[    0.272176] x86/mm: Memory block size: 128MB
[    0.276642] evm: security.selinux
[    0.280004] evm: security.SMACK64
[    0.284004] evm: security.SMACK64EXEC
[    0.288004] evm: security.SMACK64TRANSMUTE
[    0.292003] evm: security.SMACK64MMAP
[    0.296003] evm: security.apparmor
[    0.300003] evm: security.ima
[    0.304004] evm: security.capability
[    0.308789] clocksource: jiffies: mask: 0xffffffff max_cycles: 0xffffffff, max_idle_ns: 7645041785100000 ns
[    0.316018] futex hash table entries: 512 (order: 3, 32768 bytes)
[    0.324140] pinctrl core: initialized pinctrl subsystem
[    0.328528] RTC time: 16:28:33, date: 01/16/21
[    0.337774] NET: Registered protocol family 16
[    0.340184] audit: initializing netlink subsys (disabled)
[    0.344317] audit: type=2000 audit(1610814520.003:1): state=initialized audit_enabled=0 res=1
[    0.360010] cpuidle: using governor ladder
[    0.364012] cpuidle: using governor menu
[    0.368052] ACPI: bus type PCI registered
[    0.372005] acpiphp: ACPI Hot Plug PCI Controller Driver version: 0.5
[    0.376753] PCI: Using configuration type 1 for base access
[    0.388532] HugeTLB registered 2.00 MiB page size, pre-allocated 0 pages
[    0.397475] ACPI: Added _OSI(Module Device)
[    0.400009] ACPI: Added _OSI(Processor Device)
[    0.404005] ACPI: Added _OSI(3.0 _SCP Extensions)
[    0.408004] ACPI: Added _OSI(Processor Aggregator Device)
[    0.412008] ACPI: Added _OSI(Linux-Dell-Video)
[    0.416157] ACPI: Added _OSI(Linux-Lenovo-NV-HDMI-Audio)
[    0.420005] ACPI: Added _OSI(Linux-HPI-Hybrid-Graphics)
[    0.429013] ACPI: Executed 1 blocks of module-level executable AML code
[    0.439297] ACPI: Interpreter enabled
[    0.440019] ACPI: (supports S0 S5)
[    0.444005] ACPI: Using IOAPIC for interrupt routing
[    0.448511] PCI: Using host bridge windows from ACPI; if necessary, use "pci=nocrs" and report a bug
[    0.452288] ACPI: Enabled 2 GPEs in block 00 to 07
[    0.469838] ACPI: PCI Root Bridge [PCI0] (domain 0000 [bus 00-ff])
[    0.472011] acpi PNP0A03:00: _OSC: OS supports [ASPM ClockPM Segments MSI]
[    0.476998] acpi PNP0A03:00: _OSC: not requesting OS control; OS requires [ExtendedConfig ASPM ClockPM MSI]
[    0.480018] acpi PNP0A03:00: fail to add MMCONFIG information, can't access extended PCI configuration space under this bridge.
[    0.484912] PCI host bridge to bus 0000:00
[    0.488010] pci_bus 0000:00: root bus resource [io  0x0000-0x0cf7 window]
[    0.492012] pci_bus 0000:00: root bus resource [io  0x0d00-0xffff window]
[    0.496007] pci_bus 0000:00: root bus resource [mem 0x000a0000-0x000bffff window]
[    0.500008] pci_bus 0000:00: root bus resource [mem 0x40000000-0xfdffffff window]
[    0.504007] pci_bus 0000:00: root bus resource [bus 00-ff]
[    0.515225] pci 0000:00:01.1: legacy IDE quirk: reg 0x10: [io  0x01f0-0x01f7]
[    0.516008] pci 0000:00:01.1: legacy IDE quirk: reg 0x14: [io  0x03f6]
[    0.520006] pci 0000:00:01.1: legacy IDE quirk: reg 0x18: [io  0x0170-0x0177]
[    0.524007] pci 0000:00:01.1: legacy IDE quirk: reg 0x1c: [io  0x0376]
[    0.612195] pci 0000:00:07.0: quirk: [io  0x4000-0x403f] claimed by PIIX4 ACPI
[    0.632045] pci 0000:00:07.0: quirk: [io  0x4100-0x410f] claimed by PIIX4 SMB
[    0.665008] ACPI: PCI Interrupt Link [LNKA] (IRQs 5 9 10 *11)
[    0.680695] ACPI: PCI Interrupt Link [LNKB] (IRQs 5 9 *10 11)
[    0.696264] ACPI: PCI Interrupt Link [LNKC] (IRQs 5 *9 10 11)
[    0.712266] ACPI: PCI Interrupt Link [LNKD] (IRQs 5 9 10 *11)
[    0.732233] SCSI subsystem initialized
[    0.740322] pci 0000:00:02.0: vgaarb: setting as boot VGA device
[    0.744000] pci 0000:00:02.0: vgaarb: VGA device added: decodes=io+mem,owns=io+mem,locks=none
[    0.780011] pci 0000:00:02.0: vgaarb: bridge control possible
[    0.796005] vgaarb: loaded
[    0.808116] ACPI: bus type USB registered
[    0.816067] usbcore: registered new interface driver usbfs
[    0.832024] usbcore: registered new interface driver hub
[    0.848190] usbcore: registered new device driver usb
[    0.864583] EDAC MC: Ver: 3.0.0
[    0.880450] PCI: Using ACPI for IRQ routing
[    0.892886] NetLabel: Initializing
[    0.900004] NetLabel:  domain hash size = 128
[    0.916004] NetLabel:  protocols = UNLABELED CIPSOv4 CALIPSO
[    0.928023] NetLabel:  unlabeled traffic allowed by default
[    0.944339] clocksource: Switched to clocksource kvm-clock
[    1.057510] VFS: Disk quotas dquot_6.6.0
[    1.063065] VFS: Dquot-cache hash table entries: 512 (order 0, 4096 bytes)
[    1.073110] AppArmor: AppArmor Filesystem Enabled
[    1.079326] pnp: PnP ACPI init
[    1.085802] pnp: PnP ACPI: found 3 devices
[    1.100935] clocksource: acpi_pm: mask: 0xffffff max_cycles: 0xffffff, max_idle_ns: 2085701024 ns
[    1.112094] NET: Registered protocol family 2
[    1.119497] TCP established hash table entries: 8192 (order: 4, 65536 bytes)
[    1.129528] TCP bind hash table entries: 8192 (order: 5, 131072 bytes)
[    1.138391] TCP: Hash tables configured (established 8192 bind 8192)
[    1.152631] UDP hash table entries: 512 (order: 2, 16384 bytes)
[    1.160282] UDP-Lite hash table entries: 512 (order: 2, 16384 bytes)
[    1.167618] NET: Registered protocol family 1
[    1.173676] pci 0000:00:00.0: Limiting direct PCI/PCI transfers
[    1.181174] pci 0000:00:01.0: Activating ISA DMA hang workarounds
[    1.189225] pci 0000:00:02.0: Video device with shadowed ROM at [mem 0x000c0000-0x000dffff]
[    1.199023] Unpacking initramfs...
[    2.076111] Freeing initrd memory: 19220K
[    2.082709] clocksource: tsc: mask: 0xffffffffffffffff max_cycles: 0x23f3ed6cc7b, max_idle_ns: 440795302954 ns
[    2.095692] platform rtc_cmos: registered platform RTC device (no PNP device found)
[    2.106064] Scanning for low memory corruption every 60 seconds
[    2.116906] Initialise system trusted keyrings
[    2.122200] Key type blacklist registered
[    2.128726] workingset: timestamp_bits=36 max_order=18 bucket_order=0
[    2.140794] zbud: loaded
[    2.146689] squashfs: version 4.0 (2009/01/31) Phillip Lougher
[    2.155248] fuse init (API version 7.26)
[    2.194088] Key type asymmetric registered
[    2.200037] Asymmetric key parser 'x509' registered
[    2.207118] Block layer SCSI generic (bsg) driver version 0.4 loaded (major 246)
[    2.217727] io scheduler noop registered
[    2.223129] io scheduler deadline registered
[    2.229342] io scheduler cfq registered (default)
[    2.236474] ACPI: AC Adapter [AC] (on-line)
[    2.242095] input: Power Button as /devices/LNXSYSTM:00/LNXPWRBN:00/input/input0
[    2.252716] ACPI: Power Button [PWRF]
[    2.257767] input: Sleep Button as /devices/LNXSYSTM:00/LNXSLPBN:00/input/input1
[    2.267066] ACPI: Sleep Button [SLPF]
[    2.273945] Serial: 8250/16550 driver, 32 ports, IRQ sharing enabled
[    2.275655] ACPI: Battery Slot [BAT0] (battery present)
[    2.321591] 00:02: ttyS0 at I/O 0x3f8 (irq = 4, base_baud = 115200) is a 16550A
[    2.334378] Linux agpgart interface v0.103
[    2.346950] loop: module loaded
[    2.354904] scsi host0: ata_piix
[    2.360844] scsi host1: ata_piix
[    2.365302] ata1: PATA max UDMA/33 cmd 0x1f0 ctl 0x3f6 bmdma 0xd000 irq 14
[    2.374047] ata2: PATA max UDMA/33 cmd 0x170 ctl 0x376 bmdma 0xd008 irq 15
[    2.383229] libphy: Fixed MDIO Bus: probed
[    2.389153] tun: Universal TUN/TAP device driver, 1.6
[    2.395512] PPP generic driver version 2.4.2
[    2.402716] ehci_hcd: USB 2.0 'Enhanced' Host Controller (EHCI) Driver
[    2.411007] ehci-pci: EHCI PCI platform driver
[    2.417385] ehci-platform: EHCI generic platform driver
[    2.423126] ohci_hcd: USB 1.1 'Open' Host Controller (OHCI) Driver
[    2.431361] ohci-pci: OHCI PCI platform driver
[    2.438542] ohci-platform: OHCI generic platform driver
[    2.445751] uhci_hcd: USB Universal Host Controller Interface driver
[    2.454125] i8042: PNP: PS/2 Controller [PNP0303:PS2K,PNP0f03:PS2M] at 0x60,0x64 irq 1,12
[    2.468588] serio: i8042 KBD port at 0x60,0x64 irq 1
[    2.474417] serio: i8042 AUX port at 0x60,0x64 irq 12
[    2.480544] mousedev: PS/2 mouse device common for all mice
[    2.489227] input: AT Translated Set 2 keyboard as /devices/platform/i8042/serio0/input/input2
[    2.501609] rtc_cmos rtc_cmos: rtc core: registered rtc_cmos as rtc0
[    2.511084] rtc_cmos rtc_cmos: alarms up to one day, 114 bytes nvram
[    2.519109] i2c /dev entries driver
[    2.523868] device-mapper: uevent: version 1.0.3
[    2.531067] device-mapper: ioctl: 4.37.0-ioctl (2017-09-20) initialised: dm-devel@redhat.com
[    2.612445] ledtrig-cpu: registered to indicate activity on CPUs
[    2.622584] NET: Registered protocol family 10
[    2.639820] Segment Routing with IPv6
[    2.645293] NET: Registered protocol family 17
[    2.650902] Key type dns_resolver registered
[    2.657458] mce: Using 0 MCE banks
[    2.661549] RAS: Correctable Errors collector initialized.
[    2.667742] sched_clock: Marking stable (2667617868, 0)->(3986592506, -1318974638)
[    2.685837] registered taskstats version 1
[    2.690894] Loading compiled-in X.509 certificates
[    2.702379] Loaded X.509 cert 'Build time autogenerated kernel key: c1c8ea2cd851660a7b5f89f76ba0bd3ce6817142'
[    2.715301] zswap: loaded using pool lzo/zbud
[    2.738278] Key type big_key registered
[    2.743016] Key type trusted registered
[    2.753998] Key type encrypted registered
[    2.759192] AppArmor: AppArmor sha1 policy hashing enabled
[    2.767515] ima: No TPM chip found, activating TPM-bypass! (rc=-19)
[    2.776963] ima: Allocated hash algorithm: sha1
[    2.782634] evm: HMAC attrs: 0x1
[    2.787735]   Magic number: 5:793:489
[    2.794219] rtc_cmos rtc_cmos: setting system clock to 2021-01-16 16:28:36 UTC (1610814516)
[    2.805221] BIOS EDD facility v0.16 2004-Jun-25, 0 devices found
[    2.812647] EDD information not available.
[    2.822065] Freeing unused kernel image memory: 2440K
[    2.856458] Write protecting the kernel read-only data: 20480k
[    2.865585] Freeing unused kernel image memory: 2008K
[    2.872925] Freeing unused kernel image memory: 1868K
[    2.887486] x86/mm: Checked W+X mappings: passed, no W+X pages found.
[    2.894513] x86/mm: Checking user space page tables
[    2.907449] x86/mm: Checked W+X mappings: passed, no W+X pages found.
Loading, please wait...
starting version 237
[    3.050049] e1000: Intel(R) PRO/1000 Network Driver - version 7.3.21-k8-NAPI
[    3.060961] e1000: Copyright (c) 1999-2006 Intel Corporation.
[    3.073133] Fusion MPT base driver 3.04.20
[    3.079299] Copyright (c) 1999-2008 LSI Corporation
[    3.099677] Fusion MPT SPI Host driver 3.04.20
[    3.467619] input: ImExPS/2 Generic Explorer Mouse as /devices/platform/i8042/serio1/input/input4
[    4.148072] e1000 0000:00:03.0 eth0: (PCI:33MHz:32-bit) 02:d3:a8:fb:02:de
[    4.157099] e1000 0000:00:03.0 eth0: Intel(R) PRO/1000 Network Connection
[    4.169628] mptbase: ioc0: Initiating bringup
[    4.170884] e1000 0000:00:03.0 enp0s3: renamed from eth0
[    4.288327] ioc0: LSI53C1030 A0: Capabilities={Initiator}
[    4.567070] scsi host2: ioc0: LSI53C1030 A0, FwRev=00000000h, Ports=1, MaxQ=256, IRQ=20
[    4.751867] scsi 2:0:0:0: Direct-Access     VBOX     HARDDISK         1.0  PQ: 0 ANSI: 5
[    5.109907] scsi target2:0:0: Beginning Domain Validation
[    5.129374] scsi target2:0:0: Domain Validation skipping write tests
[    5.137536] scsi target2:0:0: Ending Domain Validation
[    5.144314] scsi target2:0:0: asynchronous
[    5.151728] random: fast init done
[    5.155446] scsi 2:0:1:0: Direct-Access     VBOX     HARDDISK         1.0  PQ: 0 ANSI: 5
[    6.047441] scsi target2:0:1: Beginning Domain Validation
[    6.063962] scsi target2:0:1: Domain Validation skipping write tests
[    6.070834] scsi target2:0:1: Ending Domain Validation
[    6.077004] scsi target2:0:1: asynchronous
[    6.098361] random: systemd-udevd: uninitialized urandom read (16 bytes read)
[    6.102890] sd 2:0:0:0: [sda] 83886080 512-byte logical blocks: (42.9 GB/40.0 GiB)
[    6.109868] random: systemd-udevd: uninitialized urandom read (16 bytes read)
[    6.119603] sd 2:0:0:0: [sda] Write Protect is off
[    6.139125] sd 2:0:0:0: Attached scsi generic sg0 type 0
[    6.139816] sd 2:0:0:0: [sda] Incomplete mode parameter data
[    6.148535] sd 2:0:1:0: Attached scsi generic sg1 type 0
[    6.154832] sd 2:0:0:0: [sda] Assuming drive cache: write through
[    6.162683] random: systemd-udevd: uninitialized urandom read (16 bytes read)
[    6.186626] sd 2:0:1:0: [sdb] 20480 512-byte logical blocks: (10.5 MB/10.0 MiB)
[    6.188653]  sda: sda1
[    6.201209] sd 2:0:1:0: [sdb] Write Protect is off
[    6.204471] sd 2:0:0:0: [sda] Attached SCSI disk
[    6.214483] sd 2:0:1:0: [sdb] Incomplete mode parameter data
[    6.222365] sd 2:0:1:0: [sdb] Assuming drive cache: write through
[    6.244840] sd 2:0:1:0: [sdb] Attached SCSI disk
Begin: Loading essential drivers ... [    9.615517] raid6: sse2x1   gen() 86902 MB/s
[   10.620299] raid6: sse2x1   xor() 120138 MB/s
[   11.617026] raid6: sse2x2   gen() 184407 MB/s
[   12.615010] raid6: sse2x2   xor() 138360 MB/s
[   13.618774] raid6: sse2x4   gen() 238367 MB/s
[   14.617075] raid6: sse2x4   xor() 152942 MB/s
[   14.622870] raid6: using algorithm sse2x4 gen() 238367 MB/s
[   14.631157] raid6: .... xor() 152942 MB/s, rmw enabled
[   14.638536] raid6: using ssse3x2 recovery algorithm
[   14.647966] xor: measuring software checksum speed
[   14.755606]    prefetch64-sse: 39167.000 MB/sec
[   15.647149]    generic_sse: 35854.000 MB/sec
[   15.653028] xor: using function: prefetch64-sse (39167.000 MB/sec)
[   15.663212] async_tx: api initialized (async)
done.
Begin: Running /scripts/init-premount ... done.
Begin: Mounting root file system ... Begin: Running /scripts/local-top ... done.
Begin: Running /scripts/local-premount ... [   15.747180] Btrfs loaded, crc32c=crc32c-intel
Scanning for Btrfs filesystems
done.
Warning: fsck not present, so skipping root file system
[   15.832069] EXT4-fs (sda1): mounted filesystem with ordered data mode. Opts: (null)
done.
Begin: Running /scripts/local-bottom ... done.
Begin: Running /scripts/init-bottom ... done.
[   16.164992] ip_tables: (C) 2000-2006 Netfilter Core Team
[   16.196579] systemd[1]: systemd 237 running in system mode. (+PAM +AUDIT +SELINUX +IMA +APPARMOR +SMACK +SYSVINIT +UTMP +LIBCRYPTSETUP +GCRYPT +GNUTLS +ACL +XZ +LZ4 +SECCOMP +BLKID +ELFUTILS +KMOD -IDN2 +IDN -PCRE2 default-hierarchy=hybrid)
[   16.218885] systemd[1]: Detected virtualization oracle.
[   16.226321] systemd[1]: Detected architecture x86-64.

Welcome to [1mUbuntu 18.04.5 LTS[0m!

[   16.276979] systemd[1]: Set hostname to <ubuntu>.
[   16.305884] systemd[1]: Initializing machine ID from random generator.
[   16.314117] systemd[1]: Installed transient /etc/machine-id file.
[   16.846984] systemd[1]: Started Forward Password Requests to Wall Directory Watch.
[[0;32m  OK  [0m] Started Forward Password Requests to Wall Directory Watch.
[   16.860522] systemd[1]: Reached target Swap.
[[0;32m  OK  [0m] Reached target Swap.
[   16.883688] systemd[1]: Created slice User and Session Slice.
[[0;32m  OK  [0m] Created slice User and Session Slice.
[   16.894852] systemd[1]: Created slice System Slice.
[[0;32m  OK  [0m] Created slice System Slice.
[[0;32m  OK  [0m] Created slice system-serial\x2dgetty.slice.
[[0;32m  OK  [0m] Listening on Syslog Socket.
[[0;32m  OK  [0m] Listening on Journal Socket (/dev/log).
[[0;32m  OK  [0m] Listening on LVM2 metadata daemon socket.
[[0;32m  OK  [0m] Listening on udev Control Socket.
[[0;32m  OK  [0m] Listening on Network Service Netlink Socket.
[[0;32m  OK  [0m] Listening on /dev/initctl Compatibility Named Pipe.
[[0;32m  OK  [0m] Listening on Device-mapper event daemon FIFOs.
[[0;32m  OK  [0m] Reached target Slices.
[[0;32m  OK  [0m] Listening on LVM2 poll daemon socket.
[[0;32m  OK  [0m] Listening on udev Kernel Socket.
[[0;32m  OK  [0m] Reached target System Time Synchronized.
[[0;32m  OK  [0m] Listening on Journal Socket.
         Mounting Huge Pages File System...
         Mounting POSIX Message Queue File System...
         Starting Uncomplicated firewall...
         Starting Load Kernel Modules...
         Starting Create list of required st…ce nodes for the current kernel...
         Starting udev Coldplug all Devices...
         Starting Remount Root and Kernel File Systems...
         Starting Monitoring of LVM2 mirrors…ng dmeventd or progress polling...
[[0;32m  OK  [0m] Set up automount Arbitrary Executab…rmats File System Automount Point.
[   17.019065] Loading iSCSI transport class v2.0-870.
         Mounting Kernel Debug File System...
[[0;32m  OK  [0m] Listening on Journal Audit Socket.
         Starting Journal Service...
[[0;32m  OK  [0m] Reached target User and Group Name Lookups.[   17.064827] EXT4-fs (sda1): re-mounted. Opts: (null)

         Starting Set the console keyboard layout...
[[0;32m  OK  [0m] Mounted Huge Pages File System.
[[0;32m  OK  [0m] Mounted POSIX Message Queue File System.
[[0;32m  OK  [0m] Started Uncomplicated firewall.
[[0;32m  OK  [0m] Started Create list of required sta…vice nodes for the current kernel.
[[0;32m  OK  [0m] Started Remount Root and Kernel File Systems.
[[0;32m  OK  [0m] Mounted Kernel Debug File System.
[   17.162211] iscsi: registered transport (tcp)
         Starting Load/Save Random Seed...
         Starting Create Static Device Nodes in /dev...
[[0;32m  OK  [0m] Started LVM2 metadata daemon.
[[0;32m  OK  [0m] Started Journal Service.
         Starting Flush Journal to Persistent Storage...
[[0;32m  OK  [0m] Started udev Coldplug all Devices.
[[0;32m  OK  [0m] Started Load/Save Random Seed.
[   17.307004] systemd-journald[390]: Received request to flush runtime journal from PID 1
[[0;32m  OK  [0m] Started Create Static Device Nodes in /dev.
         Starting udev Kernel Device Manager...
[   17.367825] iscsi: registered transport (iser)
[[0;32m  OK  [0m] Started Load Kernel Modules.
         Mounting FUSE Control File System...
         Starting Apply Kernel Variables...
         Mounting Kernel Configuration File System...
[[0;32m  OK  [0m] Mounted FUSE Control File System.
[[0;32m  OK  [0m] Mounted Kernel Configuration File System.
[[0;32m  OK  [0m] Started Flush Journal to Persistent Storage.
[[0;32m  OK  [0m] Started udev Kernel Device Manager.
[[0;32m  OK  [0m] Started Apply Kernel Variables.
[[0;32m  OK  [0m] Started Monitoring of LVM2 mirrors,…sing dmeventd or progress polling.
[[0;32m  OK  [0m] Started Set the console keyboard layout.
[[0;32m  OK  [0m] Reached target Local File Systems (Pre).
[[0;32m  OK  [0m] Reached target Local File Systems.
         Starting Create Volatile Files and Directories...
         Starting Tell Plymouth To Write Out Runtime Data...
         Starting ebtables ruleset management...
         Starting Commit a transient machine-id on disk...
         Starting AppArmor initialization...
         Starting Set console font and keymap...
[[0;32m  OK  [0m] Started Dispatch Password Requests to Console Directory Watch.
[[0;32m  OK  [0m] Reached target Local Encrypted Volumes.
[[0;32m  OK  [0m] Started Tell Plymouth To Write Out Runtime Data.
[[0;32m  OK  [0m] Started Set console font and keymap.
[[0;32m  OK  [0m] Started Create Volatile Files and Directories.
         Starting Update UTMP about System Boot/Shutdown...
[[0;32m  OK  [0m] Started Update UTMP about System Boot/Shutdown.
[[0;32m  OK  [0m] Started Commit a transient machine-id on disk.
[[0;32m  OK  [0m] Started ebtables ruleset management.
[[0;32m  OK  [0m] Found device /dev/ttyS0.
[[0;32m  OK  [0m] Listening on Load/Save RF Kill Switch Status /dev/rfkill Watch.
[[0;32m  OK  [0m] Started AppArmor initialization.
         Starting Load AppArmor profiles managed internally by snapd...
         Starting Initial cloud-init job (pre-networking)...
[[0;32m  OK  [0m] Started Load AppArmor profiles managed internally by snapd.
[   22.141751] cloud-init[529]: Cloud-init v. 20.4-0ubuntu1~18.04.2 running 'init-local' at Sat, 16 Jan 2021 16:28:55 +0000. Up 21.38 seconds.
[[0;32m  OK  [0m] Started Initial cloud-init job (pre-networking).
[[0;32m  OK  [0m] Reached target Network (Pre).
         Starting Network Service...
[[0;32m  OK  [0m] Started Network Service.
         Starting Wait for Network to be Configured...
         Starting Network Name Resolution...
[[0;32m  OK  [0m] Started Network Name Resolution.
[[0;32m  OK  [0m] Reached target Network.
[[0;32m  OK  [0m] Reached target Host and Network Name Lookups.
[[0;32m  OK  [0m] Started Wait for Network to be Configured.
         Starting Initial cloud-init job (metadata service crawler)...
[   24.607028] cloud-init[634]: Cloud-init v. 20.4-0ubuntu1~18.04.2 running 'init' at Sat, 16 Jan 2021 16:28:58 +0000. Up 24.32 seconds.
[   24.613126] cloud-init[634]: ci-info: +++++++++++++++++++++++++++++++++++++Net device info++++++++++++++++++++++++++++++++++++++
[   24.620009] cloud-init[634]: ci-info: +--------+------+---------------------------+---------------+--------+-------------------+
[   24.626682] cloud-init[634]: ci-info: | Device |  Up  |          Address          |      Mask     | Scope  |     Hw-Address    |
[   24.633658] cloud-init[634]: ci-info: +--------+------+---------------------------+---------------+--------+-------------------+
[   24.639826] cloud-init[634]: ci-info: | enp0s3 | True |         10.0.2.15         | 255.255.255.0 | global | 02:d3:a8:fb:02:de |
[   24.645444] cloud-init[634]: ci-info: | enp0s3 | True | fe80::d3:a8ff:fefb:2de/64 |       .       |  link  | 02:d3:a8:fb:02:de |
[   24.650765] cloud-init[634]: ci-info: |   lo   | True |         127.0.0.1         |   255.0.0.0   |  host  |         .         |
[   24.656546] cloud-init[634]: ci-info: |   lo   | True |          ::1/128          |       .       |  host  |         .         |
[   24.662154] cloud-init[634]: ci-info: +--------+------+---------------------------+---------------+--------+-------------------+
[   24.667581] cloud-init[634]: ci-info: ++++++++++++++++++++++++++++Route IPv4 info+++++++++++++++++++++++++++++
[   24.672982] cloud-init[634]: ci-info: +-------+-------------+----------+-----------------+-----------+-------+
[   24.677688] cloud-init[634]: ci-info: | Route | Destination | Gateway  |     Genmask     | Interface | Flags |
[   24.682372] cloud-init[634]: ci-info: +-------+-------------+----------+-----------------+-----------+-------+
[   24.687216] cloud-init[634]: ci-info: |   0   |   0.0.0.0   | 10.0.2.2 |     0.0.0.0     |   enp0s3  |   UG  |
[   24.691960] cloud-init[634]: ci-info: |   1   |   10.0.2.0  | 0.0.0.0  |  255.255.255.0  |   enp0s3  |   U   |
[   24.696716] cloud-init[634]: ci-info: |   2   |   10.0.2.2  | 0.0.0.0  | 255.255.255.255 |   enp0s3  |   UH  |
[   24.701520] cloud-init[634]: ci-info: +-------+-------------+----------+-----------------+-----------+-------+
[   24.706327] cloud-init[634]: ci-info: +++++++++++++++++++Route IPv6 info+++++++++++++++++++
[   24.710235] cloud-init[634]: ci-info: +-------+-------------+---------+-----------+-------+
[   24.714197] cloud-init[634]: ci-info: | Route | Destination | Gateway | Interface | Flags |
[   24.718177] cloud-init[634]: ci-info: +-------+-------------+---------+-----------+-------+
[   24.722084] cloud-init[634]: ci-info: |   1   |  fe80::/64  |    ::   |   enp0s3  |   U   |
[   24.726067] cloud-init[634]: ci-info: |   3   |    local    |    ::   |   enp0s3  |   U   |
[   24.730048] cloud-init[634]: ci-info: |   4   |   ff00::/8  |    ::   |   enp0s3  |   U   |
[   24.735146] cloud-init[634]: ci-info: +-------+-------------+---------+-----------+-------+
[   26.218173] cloud-init[634]: Generating public/private rsa key pair.
[   26.226568] cloud-init[634]: Your identification has been saved in /etc/ssh/ssh_host_rsa_key.
[   26.235355] cloud-init[634]: Your public key has been saved in /etc/ssh/ssh_host_rsa_key.pub.
[   26.246010] cloud-init[634]: The key fingerprint is:
[   26.252076] cloud-init[634]: SHA256:2ESHXfbGe4irS/auEvg+Ft5UcH72YzG74VSMo4iynkU root@ubuntu-bionic
[   26.260526] cloud-init[634]: The key's randomart image is:
[   26.267162] cloud-init[634]: +---[RSA 2048]----+
[   26.273890] cloud-init[634]: |        .o..o    |
[   26.280600] cloud-init[634]: |       ...o..o   |
[   26.286893] cloud-init[634]: |        .  +  +o |
[   26.293639] cloud-init[634]: |       +    oo==o|
[   26.299762] [[0;32m  OK  [0m] cloud-init[634]: |      ..E. o.+oo*|
[   26.304978] cloud-init[634]: |      o.+ o .. B.|
[   26.305629] cloud-init[634]: |       =.=o . + +|
[   26.306209] cloud-init[634]: |      .o*o.o   o |
[   26.306784] cloud-init[634]: |     .oo.o++o    |
[   26.307297] cloud-init[634]: +----[SHA256]-----+
[   26.308389] cloud-init[634]: Generating public/private dsa key pair.
[   26.308844] cloud-init[634]: Your identification has been saved in /etc/ssh/ssh_host_dsa_key.
[   26.309456] cloud-init[634]: Your public key has been saved in /etc/ssh/ssh_host_dsa_key.pub.
[   26.309968] cloud-init[634]: The key fingerprint is:
[   26.310666] cloud-init[634]: SHA256:xrF0Qg9STK2x5oQ5dnCzB+f1BCOJvYRDZ9u1MB/XaZM root@ubuntu-bionic
[   26.311417] cloud-init[634]: The key's randomart image is:
[   26.313231] cloud-init[634]: +---[DSA 1024]----+
[   26.313947] cloud-init[634]: |      .=*=+.=.o =|
[   26.314567] cloud-init[634]: |      .oX=*+.*.E.|
[   26.315088] cloud-init[634]: |       =+%+o.o+ .|
[   26.315651] cloud-init[634]: |      =oB=+   .  |
[   26.316462] cloud-init[634]: |     . *S.       |
[   26.316511] cloud-init[634]: |       ..        |
[   26.317223] cloud-init[634]: |                 |
[   26.317820] cloud-init[634]: |                 |
[   26.318404] cloud-init[634]: |                 |
[   26.318940] cloud-init[634]: +----[SHA256]-----+
[   26.319523] cloud-init[634]: Generating public/private ecdsa key pair.
[   26.321021] cloud-init[634]: Your identification has been saved in /etc/ssh/ssh_host_ecdsa_key.
[   26.321545] cloud-init[634]: Your public key has been saved in /etc/ssh/ssh_host_ecdsa_key.pub.
[   26.322166] cloud-init[634]: The key fingerprint is:
[   26.322792] cloud-init[634]: SHA256:mlBDZFd1aJ9ll9nx3dkr3V0Grj77uDGCcFrXzv9ew9o root@ubuntu-bionic
[   26.323442] cloud-init[634]: The key's randomart image is:
[   26.324005] cloud-init[634]: +---[ECDSA 256]---+
[   26.325211] cloud-init[634]: |     .+ ......o.=|
[   26.325750] cloud-init[634]: |     o .    oo +@|
[   26.326305] cloud-init[634]: |      o    . ..=O|
[   26.326946] cloud-init[634]: |     . .   . .+.=|
[   26.327522] cloud-init[634]: |    . . S . o. oo|
[   26.328293] cloud-init[634]: |     . B o +  o  |
[   26.328706] cloud-init[634]: |      + . . B  o.|
[   26.329306] cloud-init[634]: |           . Bo o|
[   26.329881] cloud-init[634]: |            ++oEo|
[   26.330408] cloud-init[634]: +----[SHA256]-----+
[   26.331028] cloud-init[634]: Generating public/private ed25519 key pair.
[   26.331570] cloud-init[634]: Your identification has been saved in /etc/ssh/ssh_host_ed25519_key.
[   26.332816] cloud-init[634]: Your public key has been saved in /etc/ssh/ssh_host_ed25519_key.pub.
[   26.333333] cloud-init[634]: The key fingerprint is:
[   26.334036] cloud-init[634]: SHA256:GA8z//n/slIDp7pZWeuA0TKmMci0KIhDGb+xQN6SZmk root@ubuntu-bionic
[   26.334604] cloud-init[634]: The key's randomart image is:
[   26.335157] cloud-init[634]: +--[ED25519 256]--+
[   26.335720] cloud-init[634]: | o               |
[   26.337233] cloud-init[634]: |o B              |
[   26.337953] cloud-init[634]: | E +  *          |
[   26.338723] cloud-init[634]: |*.o ++ @   .. .  |
[   26.339363] cloud-init[634]: |+ .o. = S = .+.  |
[   26.339907] cloud-init[634]: | . .     * *.oo. |
[   26.341093] cloud-init[634]: |        . +.+... |
[   26.341645] cloud-init[634]: |          .+.o.  |
[   26.342245] cloud-init[634]: |          o..o++.|
[   26.342813] cloud-init[634]: +----[SHA256]-----+
Started Initial cloud-init job (metadata service crawler).
[[0;32m  OK  [0m] Reached target Cloud-config availability.
[[0;32m  OK  [0m] Reached target Network is Online.
         Starting Availability of block devices...
[[0;32m  OK  [0m] Reached target Remote File Systems (Pre).
[[0;32m  OK  [0m] Reached target Remote File Systems.
[[0;32m  OK  [0m] Reached target System Initialization.
         Starting LXD - unix socket.
         Starting Socket activation for snappy daemon.
[[0;32m  OK  [0m] Listening on UUID daemon activation socket.
[[0;32m  OK  [0m] Started ACPI Events Check.
[[0;32m  OK  [0m] Started Daily apt download activities.
[[0;32m  OK  [0m] Started Daily Cleanup of Temporary Directories.
[[0;32m  OK  [0m] Listening on Open-iSCSI iscsid Socket.
[[0;32m  OK  [0m] Listening on D-Bus System Message Bus Socket.
[[0;32m  OK  [0m] Listening on ACPID Listen Socket.
[[0;32m  OK  [0m] Started Discard unused blocks once a week.
[[0;32m  OK  [0m] Reached target Paths.
[[0;32m  OK  [0m] Started Daily apt upgrade and clean activities.
[[0;32m  OK  [0m] Started Message of the Day.
[[0;32m  OK  [0m] Reached target Timers.
[[0;32m  OK  [0m] Started Availability of block devices.
[[0;32m  OK  [0m] Listening on LXD - unix socket.
[[0;32m  OK  [0m] Listening on Socket activation for snappy daemon.
[[0;32m  OK  [0m] Reached target Sockets.
[[0;32m  OK  [0m] Reached target Basic System.
         Starting LSB: automatic crash report generation...
         Starting Virtualbox guest utils...
         Starting Permit User Sessions...
         Starting System Logging Service...
[[0;32m  OK  [0m] Started irqbalance daemon.
[[0;32m  OK  [0m] Started Deferred execution scheduler.
         Starting Dispatcher daemon for systemd-networkd...
         Starting LSB: Record successful boot for GRUB...
[[0;32m  OK  [0m] Started FUSE filesystem for LXC.
         Starting Accounts Service...
[[0;32m  OK  [0m] Started D-Bus System Message Bus.
         Starting Pollinate to seed the pseudo random number generator...
         Starting Login Service...
[[0;32m  OK  [0m] Started Regular background program processing daemon.
         Starting Snap Daemon...
         Starting LXD - container startup/shutdown...
[[0;32m  OK  [0m] Started System Logging Service.
[[0;32m  OK  [0m] Started Permit User Sessions.
         Starting Authorization Manager...
         Starting Terminate Plymouth Boot Screen...
         Starting Hold until boot process finishes up...
[[0;32m  OK  [0m] Started Terminate Plymouth Boot Screen.
[[0;32m  OK  [0m] Started Hold until boot process finishes up.
[[0;32m  OK  [0m] Started Serial Getty on ttyS0.
         Starting Set console scheme...
[[0;32m  OK  [0m] Started LSB: automatic crash report generation.
[[0;32m  OK  [0m] Started Set console scheme.
[[0;32m  OK  [0m] Created slice system-getty.slice.
[[0;32m  OK  [0m] Started Getty on tty1.
[[0;32m  OK  [0m] Reached target Login Prompts.
[[0;32m  OK  [0m] Started LSB: Record successful boot for GRUB.
[[0;32m  OK  [0m] Started Login Service.
[[0;32m  OK  [0m] Started Unattended Upgrades Shutdown.
[[0;32m  OK  [0m] Started Authorization Manager.
[[0;32m  OK  [0m] Started Accounts Service.
[[0;32m  OK  [0m] Started Virtualbox guest utils.
[[0;32m  OK  [0m] Started Dispatcher daemon for systemd-networkd.
[[0;32m  OK  [0m] Started LXD - container startup/shutdown.
[[0;32m  OK  [0m] Started Snap Daemon.
         Starting Wait until snapd is fully seeded...
[[0;32m  OK  [0m] Started Wait until snapd is fully seeded.
         Starting Apply the settings specified in cloud-config...
[[0;32m  OK  [0m] Started Pollinate to seed the pseudo random number generator.
         Starting OpenBSD Secure Shell server...
[[0;32m  OK  [0m] Started OpenBSD Secure Shell server.
[[0;32m  OK  [0m] Reached target Multi-User System.
[[0;32m  OK  [0m] Reached target Graphical Interface.
         Starting Update UTMP about System Runlevel Changes...
[[0;32m  OK  [0m] Started Update UTMP about System Runlevel Changes.
[[0;32m  OK  [0m] Created slice User Slice of vagrant.
         Starting User Manager for UID 1000...
[[0;32m  OK  [0m] Started Session 1 of user vagrant.
[[0;32m  OK  [0m] Started User Manager for UID 1000.
[   32.553019] cloud-init[1038]: Cloud-init v. 20.4-0ubuntu1~18.04.2 running 'modules:config' at Sat, 16 Jan 2021 16:29:04 +0000. Up 31.00 seconds.

Ubuntu 18.04.5 LTS ubuntu-bionic ttyS0

ubuntu-bionic login: ci-info: no authorized SSH keys fingerprints found for user ubuntu.
<14>Jan 16 16:29:07 ec2: 
<14>Jan 16 16:29:07 ec2: #############################################################
<14>Jan 16 16:29:07 ec2: -----BEGIN SSH HOST KEY FINGERPRINTS-----
<14>Jan 16 16:29:07 ec2: 1024 SHA256:xrF0Qg9STK2x5oQ5dnCzB+f1BCOJvYRDZ9u1MB/XaZM root@ubuntu-bionic (DSA)
<14>Jan 16 16:29:07 ec2: 256 SHA256:mlBDZFd1aJ9ll9nx3dkr3V0Grj77uDGCcFrXzv9ew9o root@ubuntu-bionic (ECDSA)
<14>Jan 16 16:29:07 ec2: 256 SHA256:GA8z//n/slIDp7pZWeuA0TKmMci0KIhDGb+xQN6SZmk root@ubuntu-bionic (ED25519)
<14>Jan 16 16:29:07 ec2: 2048 SHA256:2ESHXfbGe4irS/auEvg+Ft5UcH72YzG74VSMo4iynkU root@ubuntu-bionic (RSA)
<14>Jan 16 16:29:07 ec2: -----END SSH HOST KEY FINGERPRINTS-----
<14>Jan 16 16:29:07 ec2: #############################################################
-----BEGIN SSH HOST KEY KEYS-----
ecdsa-sha2-nistp256 AAAAE2VjZHNhLXNoYTItbmlzdHAyNTYAAAAIbmlzdHAyNTYAAABBBD53oZLqYPhcW0Dp13P7JBkFR8iKEln8wJvfJo5QqalDMh3ODrtegtFmktiD48cvh1McqPJf3+Gm23DAcLpQglI= root@ubuntu-bionic
ssh-ed25519 AAAAC3NzaC1lZDI1NTE5AAAAIKTKoc0dPK9/1TIm43knYjEdRsO+zjDp+Z1BiHeb/KJm root@ubuntu-bionic
ssh-rsa AAAAB3NzaC1yc2EAAAADAQABAAABAQC7wcNx7T2o2J1qEMbHm1zCqCJxJuXKxpUjfZB2rkEIgvcm20dxMtBm+5frwrRIzKZisn4Ttbo1PNel7meqju3A8GEpt0NDDHfZHAq+FUrsuaeFaBCEnAYWFIfkywPfT+MRos93E6JhQLVuu2EeXQG9Nrqm3pGhoM0DCjPNlhQ+YRfJbICfwMiO3gfkcWyjmfXTQZRTtYoXwXesW1QaewDY1WwIrWCFh5wljH2OUTbpE5PrHXrmq6Ee8kacBJV4lG5rZP20RHpbUf2h20DnhbSZBpWX3h7Bpp3T1uYG09+Mq4R3uxAwZEiab/fQzaDwPdQUWOWX75HbACo1sjqpopxL root@ubuntu-bionic
-----END SSH HOST KEY KEYS-----
[   34.158774] cloud-init[1177]: Cloud-init v. 20.4-0ubuntu1~18.04.2 running 'modules:final' at Sat, 16 Jan 2021 16:29:07 +0000. Up 33.47 seconds.
[   34.252989] cloud-init[1177]: ci-info: no authorized SSH keys fingerprints found for user ubuntu.
[   34.267011] cloud-init[1177]: Cloud-init v. 20.4-0ubuntu1~18.04.2 finished at Sat, 16 Jan 2021 16:29:07 +0000. Datasource DataSourceNoCloud [seed=/dev/sdb][dsmode=net].  Up 34.14 seconds
